2025-05-08 09:20:32,992 [INFO] Pessoa: https://portaldatransparencia.gov.br/busca/pessoa-fisica/271323057-a-anne-christine-silva-ribeiro
2025-05-08 09:20:34,722 [INFO] Pessoa: https://portaldatransparencia.gov.br/busca/pessoa-fisica/315919307-a-da-maria-camilo
2025-05-08 09:20:36,107 [INFO] Pessoa: https://portaldatransparencia.gov.br/busca/pessoa-fisica/16979409-a-dila-da-silva-brito-lima
2025-05-08 09:20:37,235 [ERROR] Falha grave na pessoa https://portaldatransparencia.gov.br/busca/pessoa-fisica/16979409-a-dila-da-silva-brito-lima: Message: stale element reference: stale element not found
  (Session info: chrome=136.0.7103.92); For documentation on this error, please visit: https://www.selenium.dev/documentation/webdriver/troubleshooting/errors#stale-element-reference-exception
Stacktrace:
	GetHandleVerifier [0x00007FF747CCCF25+75717]
	GetHandleVerifier [0x00007FF747CCCF80+75808]
	(No symbol) [0x00007FF747A98F9A]
	(No symbol) [0x00007FF747AAF3D4]
	(No symbol) [0x00007FF747AADEA3]
	(No symbol) [0x00007FF747AA16C9]
	(No symbol) [0x00007FF747AA1843]
	(No symbol) [0x00007FF747A9F54F]
	(No symbol) [0x00007FF747AA3D51]
	(No symbol) [0x00007FF747B405F8]
	(No symbol) [0x00007FF747B1737A]
	(No symbol) [0x00007FF747B3F39C]
	(No symbol) [0x00007FF747B17153]
	(No symbol) [0x00007FF747AE0421]
	(No symbol) [0x00007FF747AE11B3]
	GetHandleVerifier [0x00007FF747FCD6FD+3223453]
	GetHandleVerifier [0x00007FF747FC7CA2+3200322]
	GetHandleVerifier [0x00007FF747FE5AD3+3322739]
	GetHandleVerifier [0x00007FF747CE69FA+180890]
	GetHandleVerifier [0x00007FF747CEE0FF+211359]
	GetHandleVerifier [0x00007FF747CD5274+109332]
	GetHandleVerifier [0x00007FF747CD5422+109762]
	GetHandleVerifier [0x00007FF747CBBA39+4825]
	BaseThreadInitThunk [0x00007FFDDB3D259D+29]
	RtlUserThreadStart [0x00007FFDDC00AF38+40]

2025-05-08 09:20:37,450 [INFO] Pessoa: https://portaldatransparencia.gov.br/busca/pessoa-fisica/195266592-a-dja-simony-dos-santos-silva
2025-05-08 09:20:39,212 [INFO] Pessoa: https://portaldatransparencia.gov.br/busca/pessoa-fisica/198070312-a-dla-dos-santos-de-oliveira
2025-05-08 09:20:41,026 [INFO] Pessoa: https://portaldatransparencia.gov.br/busca/pessoa-fisica/210435205-a-dna-salomita-da-silva-fonseca-lima
2025-05-08 09:20:42,934 [INFO] Pessoa: https://portaldatransparencia.gov.br/busca/pessoa-fisica/107816923-a-dna-shara-silva-santos
2025-05-08 09:20:44,243 [ERROR] Falha grave na pessoa https://portaldatransparencia.gov.br/busca/pessoa-fisica/107816923-a-dna-shara-silva-santos: Message: stale element reference: stale element not found
  (Session info: chrome=136.0.7103.92); For documentation on this error, please visit: https://www.selenium.dev/documentation/webdriver/troubleshooting/errors#stale-element-reference-exception
Stacktrace:
	GetHandleVerifier [0x00007FF747CCCF25+75717]
	GetHandleVerifier [0x00007FF747CCCF80+75808]
	(No symbol) [0x00007FF747A98F9A]
	(No symbol) [0x00007FF747AAF3D4]
	(No symbol) [0x00007FF747AADEA3]
	(No symbol) [0x00007FF747AA16C9]
	(No symbol) [0x00007FF747AA1843]
	(No symbol) [0x00007FF747A9F54F]
	(No symbol) [0x00007FF747AA3D51]
	(No symbol) [0x00007FF747B405F8]
	(No symbol) [0x00007FF747B1737A]
	(No symbol) [0x00007FF747B3F39C]
	(No symbol) [0x00007FF747B17153]
	(No symbol) [0x00007FF747AE0421]
	(No symbol) [0x00007FF747AE11B3]
	GetHandleVerifier [0x00007FF747FCD6FD+3223453]
	GetHandleVerifier [0x00007FF747FC7CA2+3200322]
	GetHandleVerifier [0x00007FF747FE5AD3+3322739]
	GetHandleVerifier [0x00007FF747CE69FA+180890]
	GetHandleVerifier [0x00007FF747CEE0FF+211359]
	GetHandleVerifier [0x00007FF747CD5274+109332]
	GetHandleVerifier [0x00007FF747CD5422+109762]
	GetHandleVerifier [0x00007FF747CBBA39+4825]
	BaseThreadInitThunk [0x00007FFDDB3D259D+29]
	RtlUserThreadStart [0x00007FFDDC00AF38+40]

2025-05-08 09:20:44,419 [INFO] Pessoa: https://portaldatransparencia.gov.br/busca/pessoa-fisica/222647277-a-dria-batista-da-conceicao
2025-05-08 09:20:46,389 [INFO] Pessoa: https://portaldatransparencia.gov.br/busca/pessoa-fisica/213941478-a-emmanuel-iorbee
2025-05-08 09:20:48,201 [INFO] Pessoa: https://portaldatransparencia.gov.br/busca/pessoa-fisica/6027443-a-gueda-maria-sidronio
2025-05-08 09:20:49,391 [ERROR] Falha grave na pessoa https://portaldatransparencia.gov.br/busca/pessoa-fisica/6027443-a-gueda-maria-sidronio: Message: stale element reference: stale element not found
  (Session info: chrome=136.0.7103.92); For documentation on this error, please visit: https://www.selenium.dev/documentation/webdriver/troubleshooting/errors#stale-element-reference-exception
Stacktrace:
	GetHandleVerifier [0x00007FF747CCCF25+75717]
	GetHandleVerifier [0x00007FF747CCCF80+75808]
	(No symbol) [0x00007FF747A98F9A]
	(No symbol) [0x00007FF747AAF3D4]
	(No symbol) [0x00007FF747AADEA3]
	(No symbol) [0x00007FF747AA16C9]
	(No symbol) [0x00007FF747AA1843]
	(No symbol) [0x00007FF747A9F54F]
	(No symbol) [0x00007FF747AA3D51]
	(No symbol) [0x00007FF747B405F8]
	(No symbol) [0x00007FF747B1737A]
	(No symbol) [0x00007FF747B3F39C]
	(No symbol) [0x00007FF747B17153]
	(No symbol) [0x00007FF747AE0421]
	(No symbol) [0x00007FF747AE11B3]
	GetHandleVerifier [0x00007FF747FCD6FD+3223453]
	GetHandleVerifier [0x00007FF747FC7CA2+3200322]
	GetHandleVerifier [0x00007FF747FE5AD3+3322739]
	GetHandleVerifier [0x00007FF747CE69FA+180890]
	GetHandleVerifier [0x00007FF747CEE0FF+211359]
	GetHandleVerifier [0x00007FF747CD5274+109332]
	GetHandleVerifier [0x00007FF747CD5422+109762]
	GetHandleVerifier [0x00007FF747CBBA39+4825]
	BaseThreadInitThunk [0x00007FFDDB3D259D+29]
	RtlUserThreadStart [0x00007FFDDC00AF38+40]

2025-05-08 09:20:52,201 [INFO] ✔ Salvo em resultado.json
2025-05-08 10:30:00,464 [INFO] Pessoa: https://portaldatransparencia.gov.br/busca/pessoa-fisica/271323057-a-anne-christine-silva-ribeiro
2025-05-08 10:30:09,656 [INFO] Pessoa: https://portaldatransparencia.gov.br/busca/pessoa-fisica/315919307-a-da-maria-camilo
2025-05-08 10:30:13,910 [INFO] Pessoa: https://portaldatransparencia.gov.br/busca/pessoa-fisica/16979409-a-dila-da-silva-brito-lima
2025-05-08 10:30:16,482 [ERROR] Falha grave na pessoa https://portaldatransparencia.gov.br/busca/pessoa-fisica/16979409-a-dila-da-silva-brito-lima: Message: stale element reference: stale element not found
  (Session info: chrome=136.0.7103.92); For documentation on this error, please visit: https://www.selenium.dev/documentation/webdriver/troubleshooting/errors#stale-element-reference-exception
Stacktrace:
	GetHandleVerifier [0x00007FF7B74ACF25+75717]
	GetHandleVerifier [0x00007FF7B74ACF80+75808]
	(No symbol) [0x00007FF7B7278F9A]
	(No symbol) [0x00007FF7B728F3D4]
	(No symbol) [0x00007FF7B728DEA3]
	(No symbol) [0x00007FF7B72816C9]
	(No symbol) [0x00007FF7B7281843]
	(No symbol) [0x00007FF7B727F54F]
	(No symbol) [0x00007FF7B7283D51]
	(No symbol) [0x00007FF7B73205F8]
	(No symbol) [0x00007FF7B72F737A]
	(No symbol) [0x00007FF7B731F39C]
	(No symbol) [0x00007FF7B72F7153]
	(No symbol) [0x00007FF7B72C0421]
	(No symbol) [0x00007FF7B72C11B3]
	GetHandleVerifier [0x00007FF7B77AD6FD+3223453]
	GetHandleVerifier [0x00007FF7B77A7CA2+3200322]
	GetHandleVerifier [0x00007FF7B77C5AD3+3322739]
	GetHandleVerifier [0x00007FF7B74C69FA+180890]
	GetHandleVerifier [0x00007FF7B74CE0FF+211359]
	GetHandleVerifier [0x00007FF7B74B5274+109332]
	GetHandleVerifier [0x00007FF7B74B5422+109762]
	GetHandleVerifier [0x00007FF7B749BA39+4825]
	BaseThreadInitThunk [0x00007FFDDB3D259D+29]
	RtlUserThreadStart [0x00007FFDDC00AF38+40]

2025-05-08 10:30:24,045 [INFO] Pessoa: https://portaldatransparencia.gov.br/busca/pessoa-fisica/195266592-a-dja-simony-dos-santos-silva
2025-05-08 10:30:29,327 [INFO] Pessoa: https://portaldatransparencia.gov.br/busca/pessoa-fisica/198070312-a-dla-dos-santos-de-oliveira
2025-05-08 10:30:34,617 [INFO] Pessoa: https://portaldatransparencia.gov.br/busca/pessoa-fisica/210435205-a-dna-salomita-da-silva-fonseca-lima
2025-05-08 10:30:41,277 [INFO] Pessoa: https://portaldatransparencia.gov.br/busca/pessoa-fisica/107816923-a-dna-shara-silva-santos
2025-05-08 10:30:46,772 [ERROR] Falha grave na pessoa https://portaldatransparencia.gov.br/busca/pessoa-fisica/107816923-a-dna-shara-silva-santos: Message: stale element reference: stale element not found
  (Session info: chrome=136.0.7103.92); For documentation on this error, please visit: https://www.selenium.dev/documentation/webdriver/troubleshooting/errors#stale-element-reference-exception
Stacktrace:
	GetHandleVerifier [0x00007FF7B74ACF25+75717]
	GetHandleVerifier [0x00007FF7B74ACF80+75808]
	(No symbol) [0x00007FF7B7278F9A]
	(No symbol) [0x00007FF7B728F3D4]
	(No symbol) [0x00007FF7B728DEA3]
	(No symbol) [0x00007FF7B72816C9]
	(No symbol) [0x00007FF7B7281843]
	(No symbol) [0x00007FF7B727F54F]
	(No symbol) [0x00007FF7B7283D51]
	(No symbol) [0x00007FF7B73205F8]
	(No symbol) [0x00007FF7B72F737A]
	(No symbol) [0x00007FF7B731F39C]
	(No symbol) [0x00007FF7B72F7153]
	(No symbol) [0x00007FF7B72C0421]
	(No symbol) [0x00007FF7B72C11B3]
	GetHandleVerifier [0x00007FF7B77AD6FD+3223453]
	GetHandleVerifier [0x00007FF7B77A7CA2+3200322]
	GetHandleVerifier [0x00007FF7B77C5AD3+3322739]
	GetHandleVerifier [0x00007FF7B74C69FA+180890]
	GetHandleVerifier [0x00007FF7B74CE0FF+211359]
	GetHandleVerifier [0x00007FF7B74B5274+109332]
	GetHandleVerifier [0x00007FF7B74B5422+109762]
	GetHandleVerifier [0x00007FF7B749BA39+4825]
	BaseThreadInitThunk [0x00007FFDDB3D259D+29]
	RtlUserThreadStart [0x00007FFDDC00AF38+40]

2025-05-08 10:30:47,183 [INFO] Pessoa: https://portaldatransparencia.gov.br/busca/pessoa-fisica/222647277-a-dria-batista-da-conceicao
2025-05-08 10:30:52,964 [INFO] Pessoa: https://portaldatransparencia.gov.br/busca/pessoa-fisica/213941478-a-emmanuel-iorbee
2025-05-08 10:30:58,896 [INFO] Pessoa: https://portaldatransparencia.gov.br/busca/pessoa-fisica/6027443-a-gueda-maria-sidronio
2025-05-08 10:31:02,690 [ERROR] Falha grave na pessoa https://portaldatransparencia.gov.br/busca/pessoa-fisica/6027443-a-gueda-maria-sidronio: Message: stale element reference: stale element not found
  (Session info: chrome=136.0.7103.92); For documentation on this error, please visit: https://www.selenium.dev/documentation/webdriver/troubleshooting/errors#stale-element-reference-exception
Stacktrace:
	GetHandleVerifier [0x00007FF7B74ACF25+75717]
	GetHandleVerifier [0x00007FF7B74ACF80+75808]
	(No symbol) [0x00007FF7B7278F9A]
	(No symbol) [0x00007FF7B728F3D4]
	(No symbol) [0x00007FF7B728DEA3]
	(No symbol) [0x00007FF7B72816C9]
	(No symbol) [0x00007FF7B7281843]
	(No symbol) [0x00007FF7B727F54F]
	(No symbol) [0x00007FF7B7283D51]
	(No symbol) [0x00007FF7B73205F8]
	(No symbol) [0x00007FF7B72F737A]
	(No symbol) [0x00007FF7B731F39C]
	(No symbol) [0x00007FF7B72F7153]
	(No symbol) [0x00007FF7B72C0421]
	(No symbol) [0x00007FF7B72C11B3]
	GetHandleVerifier [0x00007FF7B77AD6FD+3223453]
	GetHandleVerifier [0x00007FF7B77A7CA2+3200322]
	GetHandleVerifier [0x00007FF7B77C5AD3+3322739]
	GetHandleVerifier [0x00007FF7B74C69FA+180890]
	GetHandleVerifier [0x00007FF7B74CE0FF+211359]
	GetHandleVerifier [0x00007FF7B74B5274+109332]
	GetHandleVerifier [0x00007FF7B74B5422+109762]
	GetHandleVerifier [0x00007FF7B749BA39+4825]
	BaseThreadInitThunk [0x00007FFDDB3D259D+29]
	RtlUserThreadStart [0x00007FFDDC00AF38+40]

2025-05-08 10:31:07,855 [INFO] ✔ Salvo em resultado.json
2025-05-08 11:35:10,618 [INFO] Pessoa: https://portaldatransparencia.gov.br/busca/pessoa-fisica/271323057-a-anne-christine-silva-ribeiro
2025-05-08 11:35:21,290 [INFO] Pessoa: https://portaldatransparencia.gov.br/busca/pessoa-fisica/315919307-a-da-maria-camilo
2025-05-08 11:35:24,520 [INFO] Pessoa: https://portaldatransparencia.gov.br/busca/pessoa-fisica/16979409-a-dila-da-silva-brito-lima
2025-05-08 11:35:27,871 [ERROR] Falha grave na pessoa https://portaldatransparencia.gov.br/busca/pessoa-fisica/16979409-a-dila-da-silva-brito-lima: Message: stale element reference: stale element not found
  (Session info: chrome=136.0.7103.92); For documentation on this error, please visit: https://www.selenium.dev/documentation/webdriver/troubleshooting/errors#stale-element-reference-exception
Stacktrace:
	GetHandleVerifier [0x00007FF67CF7CF25+75717]
	GetHandleVerifier [0x00007FF67CF7CF80+75808]
	(No symbol) [0x00007FF67CD48F9A]
	(No symbol) [0x00007FF67CD5F3D4]
	(No symbol) [0x00007FF67CD5DEA3]
	(No symbol) [0x00007FF67CD516C9]
	(No symbol) [0x00007FF67CD51843]
	(No symbol) [0x00007FF67CD4F54F]
	(No symbol) [0x00007FF67CD53D51]
	(No symbol) [0x00007FF67CDF05F8]
	(No symbol) [0x00007FF67CDC737A]
	(No symbol) [0x00007FF67CDEF39C]
	(No symbol) [0x00007FF67CDC7153]
	(No symbol) [0x00007FF67CD90421]
	(No symbol) [0x00007FF67CD911B3]
	GetHandleVerifier [0x00007FF67D27D6FD+3223453]
	GetHandleVerifier [0x00007FF67D277CA2+3200322]
	GetHandleVerifier [0x00007FF67D295AD3+3322739]
	GetHandleVerifier [0x00007FF67CF969FA+180890]
	GetHandleVerifier [0x00007FF67CF9E0FF+211359]
	GetHandleVerifier [0x00007FF67CF85274+109332]
	GetHandleVerifier [0x00007FF67CF85422+109762]
	GetHandleVerifier [0x00007FF67CF6BA39+4825]
	BaseThreadInitThunk [0x00007FFDDB3D259D+29]
	RtlUserThreadStart [0x00007FFDDC00AF38+40]

2025-05-08 11:35:31,758 [INFO] Pessoa: https://portaldatransparencia.gov.br/busca/pessoa-fisica/195266592-a-dja-simony-dos-santos-silva
2025-05-08 11:35:35,289 [INFO] Pessoa: https://portaldatransparencia.gov.br/busca/pessoa-fisica/198070312-a-dla-dos-santos-de-oliveira
2025-05-08 11:35:39,952 [INFO] Pessoa: https://portaldatransparencia.gov.br/busca/pessoa-fisica/210435205-a-dna-salomita-da-silva-fonseca-lima
2025-05-08 11:35:43,061 [INFO] Pessoa: https://portaldatransparencia.gov.br/busca/pessoa-fisica/107816923-a-dna-shara-silva-santos
2025-05-08 11:35:47,208 [ERROR] Falha grave na pessoa https://portaldatransparencia.gov.br/busca/pessoa-fisica/107816923-a-dna-shara-silva-santos: Message: stale element reference: stale element not found
  (Session info: chrome=136.0.7103.92); For documentation on this error, please visit: https://www.selenium.dev/documentation/webdriver/troubleshooting/errors#stale-element-reference-exception
Stacktrace:
	GetHandleVerifier [0x00007FF67CF7CF25+75717]
	GetHandleVerifier [0x00007FF67CF7CF80+75808]
	(No symbol) [0x00007FF67CD48F9A]
	(No symbol) [0x00007FF67CD5F3D4]
	(No symbol) [0x00007FF67CD5DEA3]
	(No symbol) [0x00007FF67CD516C9]
	(No symbol) [0x00007FF67CD51843]
	(No symbol) [0x00007FF67CD4F54F]
	(No symbol) [0x00007FF67CD53D51]
	(No symbol) [0x00007FF67CDF05F8]
	(No symbol) [0x00007FF67CDC737A]
	(No symbol) [0x00007FF67CDEF39C]
	(No symbol) [0x00007FF67CDC7153]
	(No symbol) [0x00007FF67CD90421]
	(No symbol) [0x00007FF67CD911B3]
	GetHandleVerifier [0x00007FF67D27D6FD+3223453]
	GetHandleVerifier [0x00007FF67D277CA2+3200322]
	GetHandleVerifier [0x00007FF67D295AD3+3322739]
	GetHandleVerifier [0x00007FF67CF969FA+180890]
	GetHandleVerifier [0x00007FF67CF9E0FF+211359]
	GetHandleVerifier [0x00007FF67CF85274+109332]
	GetHandleVerifier [0x00007FF67CF85422+109762]
	GetHandleVerifier [0x00007FF67CF6BA39+4825]
	BaseThreadInitThunk [0x00007FFDDB3D259D+29]
	RtlUserThreadStart [0x00007FFDDC00AF38+40]

2025-05-08 11:35:47,404 [INFO] Pessoa: https://portaldatransparencia.gov.br/busca/pessoa-fisica/222647277-a-dria-batista-da-conceicao
2025-05-08 11:35:50,153 [INFO] Pessoa: https://portaldatransparencia.gov.br/busca/pessoa-fisica/213941478-a-emmanuel-iorbee
2025-05-08 11:35:53,079 [INFO] Pessoa: https://portaldatransparencia.gov.br/busca/pessoa-fisica/6027443-a-gueda-maria-sidronio
2025-05-08 11:35:55,988 [ERROR] Falha grave na pessoa https://portaldatransparencia.gov.br/busca/pessoa-fisica/6027443-a-gueda-maria-sidronio: Message: stale element reference: stale element not found
  (Session info: chrome=136.0.7103.92); For documentation on this error, please visit: https://www.selenium.dev/documentation/webdriver/troubleshooting/errors#stale-element-reference-exception
Stacktrace:
	GetHandleVerifier [0x00007FF67CF7CF25+75717]
	GetHandleVerifier [0x00007FF67CF7CF80+75808]
	(No symbol) [0x00007FF67CD48F9A]
	(No symbol) [0x00007FF67CD5F3D4]
	(No symbol) [0x00007FF67CD5DEA3]
	(No symbol) [0x00007FF67CD516C9]
	(No symbol) [0x00007FF67CD51843]
	(No symbol) [0x00007FF67CD4F54F]
	(No symbol) [0x00007FF67CD53D51]
	(No symbol) [0x00007FF67CDF05F8]
	(No symbol) [0x00007FF67CDC737A]
	(No symbol) [0x00007FF67CDEF39C]
	(No symbol) [0x00007FF67CDC7153]
	(No symbol) [0x00007FF67CD90421]
	(No symbol) [0x00007FF67CD911B3]
	GetHandleVerifier [0x00007FF67D27D6FD+3223453]
	GetHandleVerifier [0x00007FF67D277CA2+3200322]
	GetHandleVerifier [0x00007FF67D295AD3+3322739]
	GetHandleVerifier [0x00007FF67CF969FA+180890]
	GetHandleVerifier [0x00007FF67CF9E0FF+211359]
	GetHandleVerifier [0x00007FF67CF85274+109332]
	GetHandleVerifier [0x00007FF67CF85422+109762]
	GetHandleVerifier [0x00007FF67CF6BA39+4825]
	BaseThreadInitThunk [0x00007FFDDB3D259D+29]
	RtlUserThreadStart [0x00007FFDDC00AF38+40]

2025-05-08 11:35:59,302 [INFO] ✔ Salvo em resultado.json
2025-05-08 11:37:53,622 [INFO] Abrindo lista: https://portaldatransparencia.gov.br/pessoa-fisica/busca/lista?pagina=1&tamanhoPagina=10&beneficiarioProgramaSocial=true
2025-05-08 11:37:56,319 [INFO] Coletados 10 links
2025-05-08 11:37:56,319 [INFO] Processando pessoa: https://portaldatransparencia.gov.br/busca/pessoa-fisica/271323057-a-anne-christine-silva-ribeiro
2025-05-08 11:37:58,365 [INFO] Processando pessoa: https://portaldatransparencia.gov.br/busca/pessoa-fisica/315919307-a-da-maria-camilo
2025-05-08 11:37:59,923 [INFO] Processando pessoa: https://portaldatransparencia.gov.br/busca/pessoa-fisica/16979409-a-dila-da-silva-brito-lima
2025-05-08 11:38:01,252 [ERROR] Erro na pessoa https://portaldatransparencia.gov.br/busca/pessoa-fisica/16979409-a-dila-da-silva-brito-lima: Message: stale element reference: stale element not found
  (Session info: chrome=136.0.7103.92); For documentation on this error, please visit: https://www.selenium.dev/documentation/webdriver/troubleshooting/errors#stale-element-reference-exception
Stacktrace:
	GetHandleVerifier [0x00007FF67CF7CF25+75717]
	GetHandleVerifier [0x00007FF67CF7CF80+75808]
	(No symbol) [0x00007FF67CD48F9A]
	(No symbol) [0x00007FF67CD5F3D4]
	(No symbol) [0x00007FF67CD5DEA3]
	(No symbol) [0x00007FF67CD516C9]
	(No symbol) [0x00007FF67CD51843]
	(No symbol) [0x00007FF67CD4F54F]
	(No symbol) [0x00007FF67CD53D51]
	(No symbol) [0x00007FF67CDF05F8]
	(No symbol) [0x00007FF67CDC737A]
	(No symbol) [0x00007FF67CDEF39C]
	(No symbol) [0x00007FF67CDC7153]
	(No symbol) [0x00007FF67CD90421]
	(No symbol) [0x00007FF67CD911B3]
	GetHandleVerifier [0x00007FF67D27D6FD+3223453]
	GetHandleVerifier [0x00007FF67D277CA2+3200322]
	GetHandleVerifier [0x00007FF67D295AD3+3322739]
	GetHandleVerifier [0x00007FF67CF969FA+180890]
	GetHandleVerifier [0x00007FF67CF9E0FF+211359]
	GetHandleVerifier [0x00007FF67CF85274+109332]
	GetHandleVerifier [0x00007FF67CF85422+109762]
	GetHandleVerifier [0x00007FF67CF6BA39+4825]
	BaseThreadInitThunk [0x00007FFDDB3D259D+29]
	RtlUserThreadStart [0x00007FFDDC00AF38+40]

2025-05-08 11:38:01,470 [ERROR] Evidência salva: error-person-0c8a4edf.html  error-person-0c8a4edf.png
2025-05-08 11:38:01,470 [INFO] Processando pessoa: https://portaldatransparencia.gov.br/busca/pessoa-fisica/195266592-a-dja-simony-dos-santos-silva
2025-05-08 11:38:03,150 [INFO] Processando pessoa: https://portaldatransparencia.gov.br/busca/pessoa-fisica/198070312-a-dla-dos-santos-de-oliveira
2025-05-08 11:38:04,603 [INFO] Processando pessoa: https://portaldatransparencia.gov.br/busca/pessoa-fisica/210435205-a-dna-salomita-da-silva-fonseca-lima
2025-05-08 11:38:06,268 [INFO] Processando pessoa: https://portaldatransparencia.gov.br/busca/pessoa-fisica/107816923-a-dna-shara-silva-santos
2025-05-08 11:38:07,478 [ERROR] Erro na pessoa https://portaldatransparencia.gov.br/busca/pessoa-fisica/107816923-a-dna-shara-silva-santos: Message: stale element reference: stale element not found
  (Session info: chrome=136.0.7103.92); For documentation on this error, please visit: https://www.selenium.dev/documentation/webdriver/troubleshooting/errors#stale-element-reference-exception
Stacktrace:
	GetHandleVerifier [0x00007FF67CF7CF25+75717]
	GetHandleVerifier [0x00007FF67CF7CF80+75808]
	(No symbol) [0x00007FF67CD48F9A]
	(No symbol) [0x00007FF67CD5F3D4]
	(No symbol) [0x00007FF67CD5DEA3]
	(No symbol) [0x00007FF67CD516C9]
	(No symbol) [0x00007FF67CD51843]
	(No symbol) [0x00007FF67CD4F54F]
	(No symbol) [0x00007FF67CD53D51]
	(No symbol) [0x00007FF67CDF05F8]
	(No symbol) [0x00007FF67CDC737A]
	(No symbol) [0x00007FF67CDEF39C]
	(No symbol) [0x00007FF67CDC7153]
	(No symbol) [0x00007FF67CD90421]
	(No symbol) [0x00007FF67CD911B3]
	GetHandleVerifier [0x00007FF67D27D6FD+3223453]
	GetHandleVerifier [0x00007FF67D277CA2+3200322]
	GetHandleVerifier [0x00007FF67D295AD3+3322739]
	GetHandleVerifier [0x00007FF67CF969FA+180890]
	GetHandleVerifier [0x00007FF67CF9E0FF+211359]
	GetHandleVerifier [0x00007FF67CF85274+109332]
	GetHandleVerifier [0x00007FF67CF85422+109762]
	GetHandleVerifier [0x00007FF67CF6BA39+4825]
	BaseThreadInitThunk [0x00007FFDDB3D259D+29]
	RtlUserThreadStart [0x00007FFDDC00AF38+40]

2025-05-08 11:38:07,716 [ERROR] Evidência salva: error-person-f3651469.html  error-person-f3651469.png
2025-05-08 11:38:07,717 [INFO] Processando pessoa: https://portaldatransparencia.gov.br/busca/pessoa-fisica/222647277-a-dria-batista-da-conceicao
2025-05-08 11:38:09,608 [INFO] Processando pessoa: https://portaldatransparencia.gov.br/busca/pessoa-fisica/213941478-a-emmanuel-iorbee
2025-05-08 11:38:11,348 [INFO] Processando pessoa: https://portaldatransparencia.gov.br/busca/pessoa-fisica/6027443-a-gueda-maria-sidronio
2025-05-08 11:38:12,608 [ERROR] Erro na pessoa https://portaldatransparencia.gov.br/busca/pessoa-fisica/6027443-a-gueda-maria-sidronio: Message: stale element reference: stale element not found
  (Session info: chrome=136.0.7103.92); For documentation on this error, please visit: https://www.selenium.dev/documentation/webdriver/troubleshooting/errors#stale-element-reference-exception
Stacktrace:
	GetHandleVerifier [0x00007FF67CF7CF25+75717]
	GetHandleVerifier [0x00007FF67CF7CF80+75808]
	(No symbol) [0x00007FF67CD48F9A]
	(No symbol) [0x00007FF67CD5F3D4]
	(No symbol) [0x00007FF67CD5DEA3]
	(No symbol) [0x00007FF67CD516C9]
	(No symbol) [0x00007FF67CD51843]
	(No symbol) [0x00007FF67CD4F54F]
	(No symbol) [0x00007FF67CD53D51]
	(No symbol) [0x00007FF67CDF05F8]
	(No symbol) [0x00007FF67CDC737A]
	(No symbol) [0x00007FF67CDEF39C]
	(No symbol) [0x00007FF67CDC7153]
	(No symbol) [0x00007FF67CD90421]
	(No symbol) [0x00007FF67CD911B3]
	GetHandleVerifier [0x00007FF67D27D6FD+3223453]
	GetHandleVerifier [0x00007FF67D277CA2+3200322]
	GetHandleVerifier [0x00007FF67D295AD3+3322739]
	GetHandleVerifier [0x00007FF67CF969FA+180890]
	GetHandleVerifier [0x00007FF67CF9E0FF+211359]
	GetHandleVerifier [0x00007FF67CF85274+109332]
	GetHandleVerifier [0x00007FF67CF85422+109762]
	GetHandleVerifier [0x00007FF67CF6BA39+4825]
	BaseThreadInitThunk [0x00007FFDDB3D259D+29]
	RtlUserThreadStart [0x00007FFDDC00AF38+40]

2025-05-08 11:38:12,778 [ERROR] Evidência salva: error-person-e98be15a.html  error-person-e98be15a.png
2025-05-08 11:38:15,389 [INFO] ✔ Salvo em resultado.json
